nohup: ignoring input
Check if there is GPU(s): True
True
#================================ Summary of Dataset =================================#
number of training samples:   5460 | number of training fog cases:   103
number of validation samples: 2332 | number of validation fog cases: 31
number of test samples:       2228 | number of test fog cases:       67
#=====================================================================================#
Epoch 001: | Train Loss: 0.1237 | Val Loss: 0.0835 | Time(s): 218.675
Best model Saved! Val Loss: 0.0835
count: 0
Epoch 002: | Train Loss: 0.0974 | Val Loss: 0.0894 | Time(s): 147.715
Model is not saved! Current Val Loss: 0.0894
count: 1
Epoch 003: | Train Loss: 0.1004 | Val Loss: 0.0812 | Time(s): 150.049
Best model Saved! Val Loss: 0.0812
count: 0
Epoch 004: | Train Loss: 0.0996 | Val Loss: 0.0814 | Time(s): 148.164
Model is not saved! Current Val Loss: 0.0814
count: 1
Epoch 005: | Train Loss: 0.0977 | Val Loss: 0.1013 | Time(s): 148.097
Model is not saved! Current Val Loss: 0.1013
count: 2
Epoch 006: | Train Loss: 0.0966 | Val Loss: 0.0880 | Time(s): 146.723
Model is not saved! Current Val Loss: 0.0880
count: 3
Epoch 007: | Train Loss: 0.0962 | Val Loss: 0.0750 | Time(s): 149.458
Best model Saved! Val Loss: 0.0750
count: 0
Epoch 008: | Train Loss: 0.0969 | Val Loss: 0.0946 | Time(s): 149.391
Model is not saved! Current Val Loss: 0.0946
count: 1
Epoch 009: | Train Loss: 0.0933 | Val Loss: 0.0932 | Time(s): 148.337
Model is not saved! Current Val Loss: 0.0932
count: 2
Epoch 010: | Train Loss: 0.0923 | Val Loss: 0.0905 | Time(s): 148.029
Model is not saved! Current Val Loss: 0.0905
count: 3
Epoch 011: | Train Loss: 0.0943 | Val Loss: 0.0770 | Time(s): 148.761
Model is not saved! Current Val Loss: 0.0770
count: 4
Epoch 012: | Train Loss: 0.0898 | Val Loss: 0.0780 | Time(s): 151.437
Model is not saved! Current Val Loss: 0.0780
count: 5
Epoch 013: | Train Loss: 0.0893 | Val Loss: 0.0987 | Time(s): 149.193
Model is not saved! Current Val Loss: 0.0987
count: 6
Epoch 014: | Train Loss: 0.0881 | Val Loss: 0.0786 | Time(s): 151.525
Model is not saved! Current Val Loss: 0.0786
count: 7
Epoch 015: | Train Loss: 0.0874 | Val Loss: 0.0922 | Time(s): 150.285
Model is not saved! Current Val Loss: 0.0922
count: 8
Epoch 016: | Train Loss: 0.0872 | Val Loss: 0.0762 | Time(s): 153.374
Model is not saved! Current Val Loss: 0.0762
count: 9
Epoch 017: | Train Loss: 0.0848 | Val Loss: 0.0958 | Time(s): 149.918
Model is not saved! Current Val Loss: 0.0958
count: 10
Epoch 018: | Train Loss: 0.0859 | Val Loss: 0.0826 | Time(s): 148.553
Model is not saved! Current Val Loss: 0.0826
count: 11
Epoch 019: | Train Loss: 0.0856 | Val Loss: 0.0854 | Time(s): 148.478
Model is not saved! Current Val Loss: 0.0854
count: 12
Epoch 020: | Train Loss: 0.0851 | Val Loss: 0.0950 | Time(s): 146.555
Model is not saved! Current Val Loss: 0.0950
count: 13
Epoch 021: | Train Loss: 0.0812 | Val Loss: 0.0742 | Time(s): 149.545
Best model Saved! Val Loss: 0.0742
count: 0
Epoch 022: | Train Loss: 0.0794 | Val Loss: 0.0697 | Time(s): 151.512
Best model Saved! Val Loss: 0.0697
count: 0
Epoch 023: | Train Loss: 0.0778 | Val Loss: 0.0881 | Time(s): 152.109
Model is not saved! Current Val Loss: 0.0881
count: 1
Epoch 024: | Train Loss: 0.0773 | Val Loss: 0.0729 | Time(s): 146.067
Model is not saved! Current Val Loss: 0.0729
count: 2
Epoch 025: | Train Loss: 0.0811 | Val Loss: 0.0631 | Time(s): 148.693
Best model Saved! Val Loss: 0.0631
count: 0
Epoch 026: | Train Loss: 0.0788 | Val Loss: 0.0785 | Time(s): 149.873
Model is not saved! Current Val Loss: 0.0785
count: 1
Epoch 027: | Train Loss: 0.0847 | Val Loss: 0.0796 | Time(s): 151.497
Model is not saved! Current Val Loss: 0.0796
count: 2
Epoch 028: | Train Loss: 0.0793 | Val Loss: 0.0819 | Time(s): 146.917
Model is not saved! Current Val Loss: 0.0819
count: 3
Epoch 029: | Train Loss: 0.0761 | Val Loss: 0.0692 | Time(s): 152.214
Model is not saved! Current Val Loss: 0.0692
count: 4
Epoch 030: | Train Loss: 0.0797 | Val Loss: 0.0791 | Time(s): 147.543
Model is not saved! Current Val Loss: 0.0791
count: 5
Epoch 031: | Train Loss: 0.0767 | Val Loss: 0.0832 | Time(s): 151.246
Model is not saved! Current Val Loss: 0.0832
count: 6
Epoch 032: | Train Loss: 0.0802 | Val Loss: 0.0681 | Time(s): 148.354
Model is not saved! Current Val Loss: 0.0681
count: 7
Epoch 033: | Train Loss: 0.0776 | Val Loss: 0.0915 | Time(s): 148.351
Model is not saved! Current Val Loss: 0.0915
count: 8
Epoch 034: | Train Loss: 0.0783 | Val Loss: 0.0883 | Time(s): 147.865
Model is not saved! Current Val Loss: 0.0883
count: 9
Epoch 035: | Train Loss: 0.0752 | Val Loss: 0.0704 | Time(s): 151.050
Model is not saved! Current Val Loss: 0.0704
count: 10
Epoch 036: | Train Loss: 0.0744 | Val Loss: 0.0923 | Time(s): 150.175
Model is not saved! Current Val Loss: 0.0923
count: 11
Epoch 037: | Train Loss: 0.0763 | Val Loss: 0.0693 | Time(s): 150.977
Model is not saved! Current Val Loss: 0.0693
count: 12
Epoch 038: | Train Loss: 0.0726 | Val Loss: 0.1053 | Time(s): 150.622
Model is not saved! Current Val Loss: 0.1053
count: 13
Epoch 039: | Train Loss: 0.0756 | Val Loss: 0.0675 | Time(s): 148.178
Model is not saved! Current Val Loss: 0.0675
count: 14
Epoch 040: | Train Loss: 0.0699 | Val Loss: 0.0875 | Time(s): 146.165
Model is not saved! Current Val Loss: 0.0875
count: 15
Epoch 041: | Train Loss: 0.0769 | Val Loss: 0.0665 | Time(s): 151.266
Model is not saved! Current Val Loss: 0.0665
count: 16
Epoch 042: | Train Loss: 0.0719 | Val Loss: 0.0935 | Time(s): 149.068
Model is not saved! Current Val Loss: 0.0935
count: 17
Epoch 043: | Train Loss: 0.0742 | Val Loss: 0.0743 | Time(s): 150.821
Model is not saved! Current Val Loss: 0.0743
count: 18
Epoch 044: | Train Loss: 0.0699 | Val Loss: 0.0771 | Time(s): 150.770
Model is not saved! Current Val Loss: 0.0771
count: 19
Epoch 045: | Train Loss: 0.0674 | Val Loss: 0.0771 | Time(s): 151.863
Model is not saved! Current Val Loss: 0.0771
count: 20
Epoch 046: | Train Loss: 0.0698 | Val Loss: 0.0736 | Time(s): 155.001
Model is not saved! Current Val Loss: 0.0736
count: 21
Epoch 047: | Train Loss: 0.0684 | Val Loss: 0.0721 | Time(s): 148.895
Model is not saved! Current Val Loss: 0.0721
count: 22
Epoch 048: | Train Loss: 0.0707 | Val Loss: 0.0754 | Time(s): 150.210
Model is not saved! Current Val Loss: 0.0754
count: 23
Epoch 049: | Train Loss: 0.0694 | Val Loss: 0.0715 | Time(s): 147.714
Model is not saved! Current Val Loss: 0.0715
count: 24
Epoch 050: | Train Loss: 0.0641 | Val Loss: 0.0906 | Time(s): 146.274
Model is not saved! Current Val Loss: 0.0906
count: 25
Epoch 051: | Train Loss: 0.0682 | Val Loss: 0.0883 | Time(s): 151.029
Model is not saved! Current Val Loss: 0.0883
count: 26
Epoch 052: | Train Loss: 0.0726 | Val Loss: 0.0661 | Time(s): 151.991
Model is not saved! Current Val Loss: 0.0661
count: 27
Epoch 053: | Train Loss: 0.0681 | Val Loss: 0.0720 | Time(s): 153.554
Model is not saved! Current Val Loss: 0.0720
count: 28
Epoch 054: | Train Loss: 0.0650 | Val Loss: 0.0744 | Time(s): 152.552
Model is not saved! Current Val Loss: 0.0744
count: 29
Epoch 055: | Train Loss: 0.0622 | Val Loss: 0.0922 | Time(s): 152.141
Model is not saved! Current Val Loss: 0.0922
count: 30
Epoch 056: | Train Loss: 0.0636 | Val Loss: 0.0758 | Time(s): 148.776
Model is not saved! Current Val Loss: 0.0758
count: 31
Epoch 057: | Train Loss: 0.0659 | Val Loss: 0.0844 | Time(s): 148.529
Model is not saved! Current Val Loss: 0.0844
count: 32
Epoch 058: | Train Loss: 0.0661 | Val Loss: 0.0719 | Time(s): 147.214
Model is not saved! Current Val Loss: 0.0719
count: 33
Epoch 059: | Train Loss: 0.0611 | Val Loss: 0.0838 | Time(s): 151.339
Model is not saved! Current Val Loss: 0.0838
count: 34
Epoch 060: | Train Loss: 0.0617 | Val Loss: 0.0906 | Time(s): 150.230
Model is not saved! Current Val Loss: 0.0906
count: 35
Epoch 061: | Train Loss: 0.0615 | Val Loss: 0.0789 | Time(s): 148.168
Model is not saved! Current Val Loss: 0.0789
count: 36
Epoch 062: | Train Loss: 0.0605 | Val Loss: 0.0719 | Time(s): 150.460
Model is not saved! Current Val Loss: 0.0719
count: 37
Epoch 063: | Train Loss: 0.0594 | Val Loss: 0.0835 | Time(s): 148.736
Model is not saved! Current Val Loss: 0.0835
count: 38
Epoch 064: | Train Loss: 0.0636 | Val Loss: 0.0819 | Time(s): 148.395
Model is not saved! Current Val Loss: 0.0819
count: 39
Epoch 065: | Train Loss: 0.0618 | Val Loss: 0.0786 | Time(s): 148.810
Model is not saved! Current Val Loss: 0.0786
count: 40
Epoch 066: | Train Loss: 0.0655 | Val Loss: 0.0907 | Time(s): 147.740
Model is not saved! Current Val Loss: 0.0907
count: 41
Epoch 067: | Train Loss: 0.0640 | Val Loss: 0.0799 | Time(s): 147.658
Model is not saved! Current Val Loss: 0.0799
count: 42
Epoch 068: | Train Loss: 0.0608 | Val Loss: 0.0713 | Time(s): 151.292
Model is not saved! Current Val Loss: 0.0713
count: 43
Epoch 069: | Train Loss: 0.0593 | Val Loss: 0.0797 | Time(s): 149.877
Model is not saved! Current Val Loss: 0.0797
count: 44
Epoch 070: | Train Loss: 0.0586 | Val Loss: 0.0825 | Time(s): 145.970
Model is not saved! Current Val Loss: 0.0825
count: 45
Epoch 071: | Train Loss: 0.0621 | Val Loss: 0.0888 | Time(s): 150.710
Model is not saved! Current Val Loss: 0.0888
count: 46
Epoch 072: | Train Loss: 0.0591 | Val Loss: 0.0757 | Time(s): 149.018
Model is not saved! Current Val Loss: 0.0757
count: 47
Epoch 073: | Train Loss: 0.0585 | Val Loss: 0.0770 | Time(s): 149.271
Model is not saved! Current Val Loss: 0.0770
count: 48
Epoch 074: | Train Loss: 0.0617 | Val Loss: 0.0773 | Time(s): 149.610
Model is not saved! Current Val Loss: 0.0773
count: 49
Epoch 075: | Train Loss: 0.0609 | Val Loss: 0.1448 | Time(s): 149.875
Model is not saved! Current Val Loss: 0.1448
count: 50
Epoch: 75
