nohup: ignoring input
Check if there is GPU(s): True
True
#================================ Summary of Dataset =================================#
number of training samples:   5460 | number of training fog cases:   103
number of validation samples: 2332 | number of validation fog cases: 31
number of test samples:       2228 | number of test fog cases:       67
#=====================================================================================#
Epoch 001: | Train Loss: 0.3758 | Val Loss: 0.0829 | Time(s): 17.846
Best model Saved! Val Loss: 0.0829
count: 0
Epoch 002: | Train Loss: 0.2031 | Val Loss: 0.0694 | Time(s): 17.701
Best model Saved! Val Loss: 0.0694
count: 0
Epoch 003: | Train Loss: 0.1582 | Val Loss: 0.0740 | Time(s): 16.582
Model is not saved! Current Val Loss: 0.0740
count: 1
Epoch 004: | Train Loss: 0.1308 | Val Loss: 0.0786 | Time(s): 16.874
Model is not saved! Current Val Loss: 0.0786
count: 2
Epoch 005: | Train Loss: 0.1205 | Val Loss: 0.0828 | Time(s): 17.634
Model is not saved! Current Val Loss: 0.0828
count: 3
Epoch 006: | Train Loss: 0.1124 | Val Loss: 0.0847 | Time(s): 17.015
Model is not saved! Current Val Loss: 0.0847
count: 4
Epoch 007: | Train Loss: 0.1057 | Val Loss: 0.0875 | Time(s): 17.451
Model is not saved! Current Val Loss: 0.0875
count: 5
Epoch 008: | Train Loss: 0.1072 | Val Loss: 0.0893 | Time(s): 16.955
Model is not saved! Current Val Loss: 0.0893
count: 6
Epoch 009: | Train Loss: 0.1002 | Val Loss: 0.0906 | Time(s): 16.196
Model is not saved! Current Val Loss: 0.0906
count: 7
Epoch 010: | Train Loss: 0.0997 | Val Loss: 0.0903 | Time(s): 16.812
Model is not saved! Current Val Loss: 0.0903
count: 8
Epoch 011: | Train Loss: 0.1021 | Val Loss: 0.0918 | Time(s): 17.566
Model is not saved! Current Val Loss: 0.0918
count: 9
Epoch 012: | Train Loss: 0.0983 | Val Loss: 0.0915 | Time(s): 17.234
Model is not saved! Current Val Loss: 0.0915
count: 10
Epoch 013: | Train Loss: 0.0957 | Val Loss: 0.0929 | Time(s): 17.385
Model is not saved! Current Val Loss: 0.0929
count: 11
Epoch 014: | Train Loss: 0.0953 | Val Loss: 0.0921 | Time(s): 17.558
Model is not saved! Current Val Loss: 0.0921
count: 12
Epoch 015: | Train Loss: 0.0918 | Val Loss: 0.0910 | Time(s): 16.654
Model is not saved! Current Val Loss: 0.0910
count: 13
Epoch 016: | Train Loss: 0.0911 | Val Loss: 0.0926 | Time(s): 17.113
Model is not saved! Current Val Loss: 0.0926
count: 14
Epoch 017: | Train Loss: 0.0896 | Val Loss: 0.0921 | Time(s): 17.236
Model is not saved! Current Val Loss: 0.0921
count: 15
Epoch 018: | Train Loss: 0.0897 | Val Loss: 0.0883 | Time(s): 17.056
Model is not saved! Current Val Loss: 0.0883
count: 16
Epoch 019: | Train Loss: 0.0850 | Val Loss: 0.0901 | Time(s): 17.555
Model is not saved! Current Val Loss: 0.0901
count: 17
Epoch 020: | Train Loss: 0.0870 | Val Loss: 0.0900 | Time(s): 17.130
Model is not saved! Current Val Loss: 0.0900
count: 18
Epoch 021: | Train Loss: 0.0837 | Val Loss: 0.0875 | Time(s): 16.532
Model is not saved! Current Val Loss: 0.0875
count: 19
Epoch 022: | Train Loss: 0.0855 | Val Loss: 0.0848 | Time(s): 17.063
Model is not saved! Current Val Loss: 0.0848
count: 20
Epoch 023: | Train Loss: 0.0824 | Val Loss: 0.0860 | Time(s): 16.827
Model is not saved! Current Val Loss: 0.0860
count: 21
Epoch 024: | Train Loss: 0.0827 | Val Loss: 0.0812 | Time(s): 17.940
Model is not saved! Current Val Loss: 0.0812
count: 22
Epoch 025: | Train Loss: 0.0815 | Val Loss: 0.0808 | Time(s): 17.992
Model is not saved! Current Val Loss: 0.0808
count: 23
Epoch 026: | Train Loss: 0.0797 | Val Loss: 0.0715 | Time(s): 17.126
Model is not saved! Current Val Loss: 0.0715
count: 24
Epoch 027: | Train Loss: 0.0822 | Val Loss: 0.0756 | Time(s): 17.365
Model is not saved! Current Val Loss: 0.0756
count: 25
Epoch 028: | Train Loss: 0.0802 | Val Loss: 0.0720 | Time(s): 16.310
Model is not saved! Current Val Loss: 0.0720
count: 26
Epoch 029: | Train Loss: 0.0788 | Val Loss: 0.0763 | Time(s): 16.289
Model is not saved! Current Val Loss: 0.0763
count: 27
Epoch 030: | Train Loss: 0.0803 | Val Loss: 0.0708 | Time(s): 16.995
Model is not saved! Current Val Loss: 0.0708
count: 28
Epoch 031: | Train Loss: 0.0802 | Val Loss: 0.0741 | Time(s): 16.893
Model is not saved! Current Val Loss: 0.0741
count: 29
Epoch 032: | Train Loss: 0.0796 | Val Loss: 0.0732 | Time(s): 16.288
Model is not saved! Current Val Loss: 0.0732
count: 30
Epoch 033: | Train Loss: 0.0809 | Val Loss: 0.0729 | Time(s): 16.913
Model is not saved! Current Val Loss: 0.0729
count: 31
Epoch 034: | Train Loss: 0.0788 | Val Loss: 0.0691 | Time(s): 17.416
Best model Saved! Val Loss: 0.0691
count: 0
Epoch 035: | Train Loss: 0.0803 | Val Loss: 0.0707 | Time(s): 16.825
Model is not saved! Current Val Loss: 0.0707
count: 1
Epoch 036: | Train Loss: 0.0783 | Val Loss: 0.0724 | Time(s): 16.167
Model is not saved! Current Val Loss: 0.0724
count: 2
Epoch 037: | Train Loss: 0.0788 | Val Loss: 0.0669 | Time(s): 16.807
Best model Saved! Val Loss: 0.0669
count: 0
Epoch 038: | Train Loss: 0.0788 | Val Loss: 0.0674 | Time(s): 17.406
Model is not saved! Current Val Loss: 0.0674
count: 1
Epoch 039: | Train Loss: 0.0785 | Val Loss: 0.0655 | Time(s): 18.051
Best model Saved! Val Loss: 0.0655
count: 0
Epoch 040: | Train Loss: 0.0778 | Val Loss: 0.0684 | Time(s): 16.959
Model is not saved! Current Val Loss: 0.0684
count: 1
Epoch 041: | Train Loss: 0.0772 | Val Loss: 0.0618 | Time(s): 17.069
Best model Saved! Val Loss: 0.0618
count: 0
Epoch 042: | Train Loss: 0.0755 | Val Loss: 0.0578 | Time(s): 17.392
Best model Saved! Val Loss: 0.0578
count: 0
Epoch 043: | Train Loss: 0.0759 | Val Loss: 0.0665 | Time(s): 17.054
Model is not saved! Current Val Loss: 0.0665
count: 1
Epoch 044: | Train Loss: 0.0772 | Val Loss: 0.0644 | Time(s): 16.417
Model is not saved! Current Val Loss: 0.0644
count: 2
Epoch 045: | Train Loss: 0.0752 | Val Loss: 0.0595 | Time(s): 17.794
Model is not saved! Current Val Loss: 0.0595
count: 3
Epoch 046: | Train Loss: 0.0736 | Val Loss: 0.0539 | Time(s): 17.397
Best model Saved! Val Loss: 0.0539
count: 0
Epoch 047: | Train Loss: 0.0741 | Val Loss: 0.0529 | Time(s): 16.743
Best model Saved! Val Loss: 0.0529
count: 0
Epoch 048: | Train Loss: 0.0743 | Val Loss: 0.0568 | Time(s): 17.613
Model is not saved! Current Val Loss: 0.0568
count: 1
Epoch 049: | Train Loss: 0.0734 | Val Loss: 0.0597 | Time(s): 17.421
Model is not saved! Current Val Loss: 0.0597
count: 2
Epoch 050: | Train Loss: 0.0739 | Val Loss: 0.0601 | Time(s): 17.707
Model is not saved! Current Val Loss: 0.0601
count: 3
Epoch 051: | Train Loss: 0.0716 | Val Loss: 0.0547 | Time(s): 17.070
Model is not saved! Current Val Loss: 0.0547
count: 4
Epoch 052: | Train Loss: 0.0710 | Val Loss: 0.0561 | Time(s): 16.723
Model is not saved! Current Val Loss: 0.0561
count: 5
Epoch 053: | Train Loss: 0.0704 | Val Loss: 0.0560 | Time(s): 17.273
Model is not saved! Current Val Loss: 0.0560
count: 6
Epoch 054: | Train Loss: 0.0718 | Val Loss: 0.0526 | Time(s): 18.346
Best model Saved! Val Loss: 0.0526
count: 0
Epoch 055: | Train Loss: 0.0729 | Val Loss: 0.0534 | Time(s): 18.010
Model is not saved! Current Val Loss: 0.0534
count: 1
Epoch 056: | Train Loss: 0.0713 | Val Loss: 0.0549 | Time(s): 16.188
Model is not saved! Current Val Loss: 0.0549
count: 2
Epoch 057: | Train Loss: 0.0711 | Val Loss: 0.0548 | Time(s): 18.101
Model is not saved! Current Val Loss: 0.0548
count: 3
Epoch 058: | Train Loss: 0.0721 | Val Loss: 0.0560 | Time(s): 17.699
Model is not saved! Current Val Loss: 0.0560
count: 4
Epoch 059: | Train Loss: 0.0707 | Val Loss: 0.0545 | Time(s): 17.533
Model is not saved! Current Val Loss: 0.0545
count: 5
Epoch 060: | Train Loss: 0.0703 | Val Loss: 0.0549 | Time(s): 17.529
Model is not saved! Current Val Loss: 0.0549
count: 6
Epoch 061: | Train Loss: 0.0712 | Val Loss: 0.0567 | Time(s): 17.815
Model is not saved! Current Val Loss: 0.0567
count: 7
Epoch 062: | Train Loss: 0.0704 | Val Loss: 0.0546 | Time(s): 17.035
Model is not saved! Current Val Loss: 0.0546
count: 8
Epoch 063: | Train Loss: 0.0714 | Val Loss: 0.0568 | Time(s): 16.586
Model is not saved! Current Val Loss: 0.0568
count: 9
Epoch 064: | Train Loss: 0.0713 | Val Loss: 0.0616 | Time(s): 17.388
Model is not saved! Current Val Loss: 0.0616
count: 10
Epoch 065: | Train Loss: 0.0723 | Val Loss: 0.0579 | Time(s): 16.607
Model is not saved! Current Val Loss: 0.0579
count: 11
Epoch 066: | Train Loss: 0.0699 | Val Loss: 0.0566 | Time(s): 17.754
Model is not saved! Current Val Loss: 0.0566
count: 12
Epoch 067: | Train Loss: 0.0705 | Val Loss: 0.0541 | Time(s): 16.357
Model is not saved! Current Val Loss: 0.0541
count: 13
Epoch 068: | Train Loss: 0.0686 | Val Loss: 0.0687 | Time(s): 16.752
Model is not saved! Current Val Loss: 0.0687
count: 14
Epoch 069: | Train Loss: 0.0697 | Val Loss: 0.0601 | Time(s): 18.201
Model is not saved! Current Val Loss: 0.0601
count: 15
Epoch 070: | Train Loss: 0.0686 | Val Loss: 0.0584 | Time(s): 17.663
Model is not saved! Current Val Loss: 0.0584
count: 16
Epoch 071: | Train Loss: 0.0716 | Val Loss: 0.0557 | Time(s): 18.243
Model is not saved! Current Val Loss: 0.0557
count: 17
Epoch 072: | Train Loss: 0.0709 | Val Loss: 0.0553 | Time(s): 16.793
Model is not saved! Current Val Loss: 0.0553
count: 18
Epoch 073: | Train Loss: 0.0680 | Val Loss: 0.0576 | Time(s): 17.032
Model is not saved! Current Val Loss: 0.0576
count: 19
Epoch 074: | Train Loss: 0.0695 | Val Loss: 0.0578 | Time(s): 17.623
Model is not saved! Current Val Loss: 0.0578
count: 20
Epoch 075: | Train Loss: 0.0687 | Val Loss: 0.0588 | Time(s): 16.799
Model is not saved! Current Val Loss: 0.0588
count: 21
Epoch 076: | Train Loss: 0.0690 | Val Loss: 0.0576 | Time(s): 16.870
Model is not saved! Current Val Loss: 0.0576
count: 22
Epoch 077: | Train Loss: 0.0690 | Val Loss: 0.0550 | Time(s): 17.365
Model is not saved! Current Val Loss: 0.0550
count: 23
Epoch 078: | Train Loss: 0.0682 | Val Loss: 0.0652 | Time(s): 17.019
Model is not saved! Current Val Loss: 0.0652
count: 24
Epoch 079: | Train Loss: 0.0684 | Val Loss: 0.0552 | Time(s): 17.481
Model is not saved! Current Val Loss: 0.0552
count: 25
Epoch 080: | Train Loss: 0.0684 | Val Loss: 0.0546 | Time(s): 16.546
Model is not saved! Current Val Loss: 0.0546
count: 26
Epoch 081: | Train Loss: 0.0679 | Val Loss: 0.0558 | Time(s): 17.418
Model is not saved! Current Val Loss: 0.0558
count: 27
Epoch 082: | Train Loss: 0.0671 | Val Loss: 0.0557 | Time(s): 17.578
Model is not saved! Current Val Loss: 0.0557
count: 28
Epoch 083: | Train Loss: 0.0669 | Val Loss: 0.0574 | Time(s): 17.007
Model is not saved! Current Val Loss: 0.0574
count: 29
Epoch 084: | Train Loss: 0.0676 | Val Loss: 0.0551 | Time(s): 17.265
Model is not saved! Current Val Loss: 0.0551
count: 30
Epoch 085: | Train Loss: 0.0672 | Val Loss: 0.0586 | Time(s): 16.395
Model is not saved! Current Val Loss: 0.0586
count: 31
Epoch 086: | Train Loss: 0.0682 | Val Loss: 0.0627 | Time(s): 16.665
Model is not saved! Current Val Loss: 0.0627
count: 32
Epoch 087: | Train Loss: 0.0687 | Val Loss: 0.0563 | Time(s): 16.642
Model is not saved! Current Val Loss: 0.0563
count: 33
Epoch 088: | Train Loss: 0.0683 | Val Loss: 0.0542 | Time(s): 17.724
Model is not saved! Current Val Loss: 0.0542
count: 34
Epoch 089: | Train Loss: 0.0678 | Val Loss: 0.0581 | Time(s): 16.986
Model is not saved! Current Val Loss: 0.0581
count: 35
Epoch 090: | Train Loss: 0.0683 | Val Loss: 0.0560 | Time(s): 17.863
Model is not saved! Current Val Loss: 0.0560
count: 36
Epoch 091: | Train Loss: 0.0690 | Val Loss: 0.0570 | Time(s): 17.118
Model is not saved! Current Val Loss: 0.0570
count: 37
Epoch 092: | Train Loss: 0.0673 | Val Loss: 0.0628 | Time(s): 16.252
Model is not saved! Current Val Loss: 0.0628
count: 38
Epoch 093: | Train Loss: 0.0671 | Val Loss: 0.0543 | Time(s): 17.256
Model is not saved! Current Val Loss: 0.0543
count: 39
Epoch 094: | Train Loss: 0.0677 | Val Loss: 0.0578 | Time(s): 15.964
Model is not saved! Current Val Loss: 0.0578
count: 40
Epoch 095: | Train Loss: 0.0660 | Val Loss: 0.0549 | Time(s): 16.650
Model is not saved! Current Val Loss: 0.0549
count: 41
Epoch 096: | Train Loss: 0.0663 | Val Loss: 0.0641 | Time(s): 17.053
Model is not saved! Current Val Loss: 0.0641
count: 42
Epoch 097: | Train Loss: 0.0696 | Val Loss: 0.0582 | Time(s): 17.334
Model is not saved! Current Val Loss: 0.0582
count: 43
Epoch 098: | Train Loss: 0.0679 | Val Loss: 0.0606 | Time(s): 17.538
Model is not saved! Current Val Loss: 0.0606
count: 44
Epoch 099: | Train Loss: 0.0677 | Val Loss: 0.0570 | Time(s): 18.094
Model is not saved! Current Val Loss: 0.0570
count: 45
Epoch 100: | Train Loss: 0.0669 | Val Loss: 0.0549 | Time(s): 17.575
Model is not saved! Current Val Loss: 0.0549
count: 46
Epoch 101: | Train Loss: 0.0686 | Val Loss: 0.0705 | Time(s): 17.322
Model is not saved! Current Val Loss: 0.0705
count: 47
Epoch 102: | Train Loss: 0.0677 | Val Loss: 0.0545 | Time(s): 17.008
Model is not saved! Current Val Loss: 0.0545
count: 48
Epoch 103: | Train Loss: 0.0688 | Val Loss: 0.0537 | Time(s): 16.552
Model is not saved! Current Val Loss: 0.0537
count: 49
Epoch 104: | Train Loss: 0.0660 | Val Loss: 0.0558 | Time(s): 17.220
Model is not saved! Current Val Loss: 0.0558
count: 50
Epoch: 104
