nohup: ignoring input
Check if there is GPU(s): True
True
#================================ Summary of Dataset =================================#
number of training samples:   5460 | number of training fog cases:   103
number of validation samples: 2332 | number of validation fog cases: 31
number of test samples:       2228 | number of test fog cases:       67
#=====================================================================================#
Epoch 001: | Train Loss: 0.1950 | Val Loss: 0.0613 | Time(s): 17.824
Best model Saved! Val Loss: 0.0613
count: 0
Epoch 002: | Train Loss: 0.1079 | Val Loss: 0.0705 | Time(s): 17.176
Model is not saved! Current Val Loss: 0.0705
count: 1
Epoch 003: | Train Loss: 0.0979 | Val Loss: 0.0764 | Time(s): 18.146
Model is not saved! Current Val Loss: 0.0764
count: 2
Epoch 004: | Train Loss: 0.0917 | Val Loss: 0.0784 | Time(s): 17.936
Model is not saved! Current Val Loss: 0.0784
count: 3
Epoch 005: | Train Loss: 0.0887 | Val Loss: 0.0829 | Time(s): 16.879
Model is not saved! Current Val Loss: 0.0829
count: 4
Epoch 006: | Train Loss: 0.0861 | Val Loss: 0.0809 | Time(s): 16.912
Model is not saved! Current Val Loss: 0.0809
count: 5
Epoch 007: | Train Loss: 0.0859 | Val Loss: 0.0841 | Time(s): 17.548
Model is not saved! Current Val Loss: 0.0841
count: 6
Epoch 008: | Train Loss: 0.0846 | Val Loss: 0.0836 | Time(s): 16.795
Model is not saved! Current Val Loss: 0.0836
count: 7
Epoch 009: | Train Loss: 0.0833 | Val Loss: 0.0846 | Time(s): 17.947
Model is not saved! Current Val Loss: 0.0846
count: 8
Epoch 010: | Train Loss: 0.0810 | Val Loss: 0.0815 | Time(s): 16.561
Model is not saved! Current Val Loss: 0.0815
count: 9
Epoch 011: | Train Loss: 0.0815 | Val Loss: 0.0812 | Time(s): 17.104
Model is not saved! Current Val Loss: 0.0812
count: 10
Epoch 012: | Train Loss: 0.0815 | Val Loss: 0.0850 | Time(s): 17.354
Model is not saved! Current Val Loss: 0.0850
count: 11
Epoch 013: | Train Loss: 0.0804 | Val Loss: 0.0864 | Time(s): 17.069
Model is not saved! Current Val Loss: 0.0864
count: 12
Epoch 014: | Train Loss: 0.0798 | Val Loss: 0.0798 | Time(s): 18.032
Model is not saved! Current Val Loss: 0.0798
count: 13
Epoch 015: | Train Loss: 0.0772 | Val Loss: 0.0855 | Time(s): 16.765
Model is not saved! Current Val Loss: 0.0855
count: 14
Epoch 016: | Train Loss: 0.0772 | Val Loss: 0.0838 | Time(s): 16.882
Model is not saved! Current Val Loss: 0.0838
count: 15
Epoch 017: | Train Loss: 0.0788 | Val Loss: 0.0789 | Time(s): 16.990
Model is not saved! Current Val Loss: 0.0789
count: 16
Epoch 018: | Train Loss: 0.0765 | Val Loss: 0.0789 | Time(s): 17.479
Model is not saved! Current Val Loss: 0.0789
count: 17
Epoch 019: | Train Loss: 0.0761 | Val Loss: 0.0793 | Time(s): 16.943
Model is not saved! Current Val Loss: 0.0793
count: 18
Epoch 020: | Train Loss: 0.0742 | Val Loss: 0.0847 | Time(s): 17.384
Model is not saved! Current Val Loss: 0.0847
count: 19
Epoch 021: | Train Loss: 0.0739 | Val Loss: 0.0756 | Time(s): 16.982
Model is not saved! Current Val Loss: 0.0756
count: 20
Epoch 022: | Train Loss: 0.0743 | Val Loss: 0.0813 | Time(s): 16.988
Model is not saved! Current Val Loss: 0.0813
count: 21
Epoch 023: | Train Loss: 0.0704 | Val Loss: 0.0764 | Time(s): 16.574
Model is not saved! Current Val Loss: 0.0764
count: 22
Epoch 024: | Train Loss: 0.0719 | Val Loss: 0.0731 | Time(s): 17.931
Model is not saved! Current Val Loss: 0.0731
count: 23
Epoch 025: | Train Loss: 0.0701 | Val Loss: 0.0675 | Time(s): 17.439
Model is not saved! Current Val Loss: 0.0675
count: 24
Epoch 026: | Train Loss: 0.0708 | Val Loss: 0.0663 | Time(s): 18.186
Model is not saved! Current Val Loss: 0.0663
count: 25
Epoch 027: | Train Loss: 0.0711 | Val Loss: 0.0687 | Time(s): 17.510
Model is not saved! Current Val Loss: 0.0687
count: 26
Epoch 028: | Train Loss: 0.0690 | Val Loss: 0.0753 | Time(s): 17.825
Model is not saved! Current Val Loss: 0.0753
count: 27
Epoch 029: | Train Loss: 0.0700 | Val Loss: 0.0692 | Time(s): 17.674
Model is not saved! Current Val Loss: 0.0692
count: 28
Epoch 030: | Train Loss: 0.0700 | Val Loss: 0.0635 | Time(s): 17.371
Model is not saved! Current Val Loss: 0.0635
count: 29
Epoch 031: | Train Loss: 0.0710 | Val Loss: 0.0595 | Time(s): 16.275
Best model Saved! Val Loss: 0.0595
count: 0
Epoch 032: | Train Loss: 0.0679 | Val Loss: 0.0688 | Time(s): 17.296
Model is not saved! Current Val Loss: 0.0688
count: 1
Epoch 033: | Train Loss: 0.0692 | Val Loss: 0.0595 | Time(s): 16.304
Best model Saved! Val Loss: 0.0595
count: 0
Epoch 034: | Train Loss: 0.0680 | Val Loss: 0.0541 | Time(s): 17.091
Best model Saved! Val Loss: 0.0541
count: 0
Epoch 035: | Train Loss: 0.0679 | Val Loss: 0.0581 | Time(s): 17.223
Model is not saved! Current Val Loss: 0.0581
count: 1
Epoch 036: | Train Loss: 0.0670 | Val Loss: 0.0619 | Time(s): 17.827
Model is not saved! Current Val Loss: 0.0619
count: 2
Epoch 037: | Train Loss: 0.0683 | Val Loss: 0.0633 | Time(s): 17.941
Model is not saved! Current Val Loss: 0.0633
count: 3
Epoch 038: | Train Loss: 0.0663 | Val Loss: 0.0558 | Time(s): 18.754
Model is not saved! Current Val Loss: 0.0558
count: 4
Epoch 039: | Train Loss: 0.0668 | Val Loss: 0.0549 | Time(s): 16.814
Model is not saved! Current Val Loss: 0.0549
count: 5
Epoch 040: | Train Loss: 0.0654 | Val Loss: 0.0475 | Time(s): 17.685
Best model Saved! Val Loss: 0.0475
count: 0
Epoch 041: | Train Loss: 0.0660 | Val Loss: 0.0550 | Time(s): 18.552
Model is not saved! Current Val Loss: 0.0550
count: 1
Epoch 042: | Train Loss: 0.0666 | Val Loss: 0.0551 | Time(s): 16.468
Model is not saved! Current Val Loss: 0.0551
count: 2
Epoch 043: | Train Loss: 0.0669 | Val Loss: 0.0537 | Time(s): 17.007
Model is not saved! Current Val Loss: 0.0537
count: 3
Epoch 044: | Train Loss: 0.0659 | Val Loss: 0.0510 | Time(s): 16.831
Model is not saved! Current Val Loss: 0.0510
count: 4
Epoch 045: | Train Loss: 0.0662 | Val Loss: 0.0489 | Time(s): 17.871
Model is not saved! Current Val Loss: 0.0489
count: 5
Epoch 046: | Train Loss: 0.0679 | Val Loss: 0.0515 | Time(s): 17.062
Model is not saved! Current Val Loss: 0.0515
count: 6
Epoch 047: | Train Loss: 0.0646 | Val Loss: 0.0544 | Time(s): 17.287
Model is not saved! Current Val Loss: 0.0544
count: 7
Epoch 048: | Train Loss: 0.0664 | Val Loss: 0.0504 | Time(s): 17.488
Model is not saved! Current Val Loss: 0.0504
count: 8
Epoch 049: | Train Loss: 0.0682 | Val Loss: 0.0487 | Time(s): 16.464
Model is not saved! Current Val Loss: 0.0487
count: 9
Epoch 050: | Train Loss: 0.0639 | Val Loss: 0.0486 | Time(s): 17.180
Model is not saved! Current Val Loss: 0.0486
count: 10
Epoch 051: | Train Loss: 0.0642 | Val Loss: 0.0510 | Time(s): 17.933
Model is not saved! Current Val Loss: 0.0510
count: 11
Epoch 052: | Train Loss: 0.0643 | Val Loss: 0.0526 | Time(s): 18.468
Model is not saved! Current Val Loss: 0.0526
count: 12
Epoch 053: | Train Loss: 0.0638 | Val Loss: 0.0533 | Time(s): 17.194
Model is not saved! Current Val Loss: 0.0533
count: 13
Epoch 054: | Train Loss: 0.0628 | Val Loss: 0.0494 | Time(s): 17.992
Model is not saved! Current Val Loss: 0.0494
count: 14
Epoch 055: | Train Loss: 0.0633 | Val Loss: 0.0536 | Time(s): 17.534
Model is not saved! Current Val Loss: 0.0536
count: 15
Epoch 056: | Train Loss: 0.0648 | Val Loss: 0.0512 | Time(s): 17.568
Model is not saved! Current Val Loss: 0.0512
count: 16
Epoch 057: | Train Loss: 0.0631 | Val Loss: 0.0486 | Time(s): 17.063
Model is not saved! Current Val Loss: 0.0486
count: 17
Epoch 058: | Train Loss: 0.0632 | Val Loss: 0.0504 | Time(s): 17.585
Model is not saved! Current Val Loss: 0.0504
count: 18
Epoch 059: | Train Loss: 0.0630 | Val Loss: 0.0504 | Time(s): 17.032
Model is not saved! Current Val Loss: 0.0504
count: 19
Epoch 060: | Train Loss: 0.0619 | Val Loss: 0.0504 | Time(s): 17.390
Model is not saved! Current Val Loss: 0.0504
count: 20
Epoch 061: | Train Loss: 0.0620 | Val Loss: 0.0511 | Time(s): 17.486
Model is not saved! Current Val Loss: 0.0511
count: 21
Epoch 062: | Train Loss: 0.0639 | Val Loss: 0.0500 | Time(s): 16.175
Model is not saved! Current Val Loss: 0.0500
count: 22
Epoch 063: | Train Loss: 0.0620 | Val Loss: 0.0501 | Time(s): 18.349
Model is not saved! Current Val Loss: 0.0501
count: 23
Epoch 064: | Train Loss: 0.0622 | Val Loss: 0.0520 | Time(s): 17.092
Model is not saved! Current Val Loss: 0.0520
count: 24
Epoch 065: | Train Loss: 0.0630 | Val Loss: 0.0509 | Time(s): 15.981
Model is not saved! Current Val Loss: 0.0509
count: 25
Epoch 066: | Train Loss: 0.0616 | Val Loss: 0.0508 | Time(s): 16.562
Model is not saved! Current Val Loss: 0.0508
count: 26
Epoch 067: | Train Loss: 0.0624 | Val Loss: 0.0511 | Time(s): 16.932
Model is not saved! Current Val Loss: 0.0511
count: 27
Epoch 068: | Train Loss: 0.0630 | Val Loss: 0.0493 | Time(s): 18.147
Model is not saved! Current Val Loss: 0.0493
count: 28
Epoch 069: | Train Loss: 0.0618 | Val Loss: 0.0507 | Time(s): 17.260
Model is not saved! Current Val Loss: 0.0507
count: 29
Epoch 070: | Train Loss: 0.0607 | Val Loss: 0.0522 | Time(s): 16.751
Model is not saved! Current Val Loss: 0.0522
count: 30
Epoch 071: | Train Loss: 0.0617 | Val Loss: 0.0530 | Time(s): 17.164
Model is not saved! Current Val Loss: 0.0530
count: 31
Epoch 072: | Train Loss: 0.0608 | Val Loss: 0.0496 | Time(s): 16.891
Model is not saved! Current Val Loss: 0.0496
count: 32
Epoch 073: | Train Loss: 0.0611 | Val Loss: 0.0500 | Time(s): 17.014
Model is not saved! Current Val Loss: 0.0500
count: 33
Epoch 074: | Train Loss: 0.0617 | Val Loss: 0.0486 | Time(s): 18.128
Model is not saved! Current Val Loss: 0.0486
count: 34
Epoch 075: | Train Loss: 0.0601 | Val Loss: 0.0509 | Time(s): 16.691
Model is not saved! Current Val Loss: 0.0509
count: 35
Epoch 076: | Train Loss: 0.0608 | Val Loss: 0.0491 | Time(s): 16.207
Model is not saved! Current Val Loss: 0.0491
count: 36
Epoch 077: | Train Loss: 0.0595 | Val Loss: 0.0497 | Time(s): 17.768
Model is not saved! Current Val Loss: 0.0497
count: 37
Epoch 078: | Train Loss: 0.0608 | Val Loss: 0.0506 | Time(s): 16.933
Model is not saved! Current Val Loss: 0.0506
count: 38
Epoch 079: | Train Loss: 0.0595 | Val Loss: 0.0496 | Time(s): 16.566
Model is not saved! Current Val Loss: 0.0496
count: 39
Epoch 080: | Train Loss: 0.0610 | Val Loss: 0.0523 | Time(s): 17.504
Model is not saved! Current Val Loss: 0.0523
count: 40
Epoch 081: | Train Loss: 0.0601 | Val Loss: 0.0563 | Time(s): 18.866
Model is not saved! Current Val Loss: 0.0563
count: 41
Epoch 082: | Train Loss: 0.0591 | Val Loss: 0.0485 | Time(s): 17.344
Model is not saved! Current Val Loss: 0.0485
count: 42
Epoch 083: | Train Loss: 0.0590 | Val Loss: 0.0521 | Time(s): 17.338
Model is not saved! Current Val Loss: 0.0521
count: 43
Epoch 084: | Train Loss: 0.0605 | Val Loss: 0.0522 | Time(s): 16.767
Model is not saved! Current Val Loss: 0.0522
count: 44
Epoch 085: | Train Loss: 0.0602 | Val Loss: 0.0501 | Time(s): 17.950
Model is not saved! Current Val Loss: 0.0501
count: 45
Epoch 086: | Train Loss: 0.0598 | Val Loss: 0.0492 | Time(s): 18.517
Model is not saved! Current Val Loss: 0.0492
count: 46
Epoch 087: | Train Loss: 0.0586 | Val Loss: 0.0488 | Time(s): 16.455
Model is not saved! Current Val Loss: 0.0488
count: 47
Epoch 088: | Train Loss: 0.0601 | Val Loss: 0.0499 | Time(s): 17.229
Model is not saved! Current Val Loss: 0.0499
count: 48
Epoch 089: | Train Loss: 0.0587 | Val Loss: 0.0499 | Time(s): 16.547
Model is not saved! Current Val Loss: 0.0499
count: 49
Epoch 090: | Train Loss: 0.0602 | Val Loss: 0.0523 | Time(s): 18.284
Model is not saved! Current Val Loss: 0.0523
count: 50
Epoch: 90
