nohup: ignoring input
Check if there is GPU(s): True
True
#================================ Summary of Dataset =================================#
number of training samples:   5460 | number of training fog cases:   103
number of validation samples: 2332 | number of validation fog cases: 31
number of test samples:       2228 | number of test fog cases:       67
#=====================================================================================#
Epoch 001: | Train Loss: 0.1234 | Val Loss: 0.0901 | Time(s): 17.882
Best model Saved! Val Loss: 0.0901
count: 0
Epoch 002: | Train Loss: 0.0956 | Val Loss: 0.0955 | Time(s): 17.141
Model is not saved! Current Val Loss: 0.0955
count: 1
Epoch 003: | Train Loss: 0.0892 | Val Loss: 0.0879 | Time(s): 18.048
Best model Saved! Val Loss: 0.0879
count: 0
Epoch 004: | Train Loss: 0.0867 | Val Loss: 0.0886 | Time(s): 17.593
Model is not saved! Current Val Loss: 0.0886
count: 1
Epoch 005: | Train Loss: 0.0842 | Val Loss: 0.0990 | Time(s): 16.836
Model is not saved! Current Val Loss: 0.0990
count: 2
Epoch 006: | Train Loss: 0.0823 | Val Loss: 0.1074 | Time(s): 18.216
Model is not saved! Current Val Loss: 0.1074
count: 3
Epoch 007: | Train Loss: 0.0779 | Val Loss: 0.1077 | Time(s): 16.832
Model is not saved! Current Val Loss: 0.1077
count: 4
Epoch 008: | Train Loss: 0.0769 | Val Loss: 0.0880 | Time(s): 17.557
Model is not saved! Current Val Loss: 0.0880
count: 5
Epoch 009: | Train Loss: 0.0766 | Val Loss: 0.0834 | Time(s): 17.988
Best model Saved! Val Loss: 0.0834
count: 0
Epoch 010: | Train Loss: 0.0755 | Val Loss: 0.0872 | Time(s): 16.850
Model is not saved! Current Val Loss: 0.0872
count: 1
Epoch 011: | Train Loss: 0.0749 | Val Loss: 0.0852 | Time(s): 17.388
Model is not saved! Current Val Loss: 0.0852
count: 2
Epoch 012: | Train Loss: 0.0718 | Val Loss: 0.0864 | Time(s): 17.834
Model is not saved! Current Val Loss: 0.0864
count: 3
Epoch 013: | Train Loss: 0.0664 | Val Loss: 0.0838 | Time(s): 16.720
Model is not saved! Current Val Loss: 0.0838
count: 4
Epoch 014: | Train Loss: 0.0710 | Val Loss: 0.0868 | Time(s): 17.282
Model is not saved! Current Val Loss: 0.0868
count: 5
Epoch 015: | Train Loss: 0.0656 | Val Loss: 0.0821 | Time(s): 17.216
Best model Saved! Val Loss: 0.0821
count: 0
Epoch 016: | Train Loss: 0.0693 | Val Loss: 0.0874 | Time(s): 17.350
Model is not saved! Current Val Loss: 0.0874
count: 1
Epoch 017: | Train Loss: 0.0652 | Val Loss: 0.0732 | Time(s): 17.408
Best model Saved! Val Loss: 0.0732
count: 0
Epoch 018: | Train Loss: 0.0698 | Val Loss: 0.0737 | Time(s): 16.901
Model is not saved! Current Val Loss: 0.0737
count: 1
Epoch 019: | Train Loss: 0.0640 | Val Loss: 0.0704 | Time(s): 16.853
Best model Saved! Val Loss: 0.0704
count: 0
Epoch 020: | Train Loss: 0.0625 | Val Loss: 0.0794 | Time(s): 16.500
Model is not saved! Current Val Loss: 0.0794
count: 1
Epoch 021: | Train Loss: 0.0594 | Val Loss: 0.0839 | Time(s): 17.283
Model is not saved! Current Val Loss: 0.0839
count: 2
Epoch 022: | Train Loss: 0.0644 | Val Loss: 0.0817 | Time(s): 17.724
Model is not saved! Current Val Loss: 0.0817
count: 3
Epoch 023: | Train Loss: 0.0617 | Val Loss: 0.0886 | Time(s): 17.272
Model is not saved! Current Val Loss: 0.0886
count: 4
Epoch 024: | Train Loss: 0.0605 | Val Loss: 0.1006 | Time(s): 17.870
Model is not saved! Current Val Loss: 0.1006
count: 5
Epoch 025: | Train Loss: 0.0588 | Val Loss: 0.0964 | Time(s): 17.255
Model is not saved! Current Val Loss: 0.0964
count: 6
Epoch 026: | Train Loss: 0.0610 | Val Loss: 0.0908 | Time(s): 18.058
Model is not saved! Current Val Loss: 0.0908
count: 7
Epoch 027: | Train Loss: 0.0592 | Val Loss: 0.0998 | Time(s): 18.170
Model is not saved! Current Val Loss: 0.0998
count: 8
Epoch 028: | Train Loss: 0.0589 | Val Loss: 0.1012 | Time(s): 18.360
Model is not saved! Current Val Loss: 0.1012
count: 9
Epoch 029: | Train Loss: 0.0581 | Val Loss: 0.0925 | Time(s): 17.149
Model is not saved! Current Val Loss: 0.0925
count: 10
Epoch 030: | Train Loss: 0.0581 | Val Loss: 0.0893 | Time(s): 16.602
Model is not saved! Current Val Loss: 0.0893
count: 11
Epoch 031: | Train Loss: 0.0554 | Val Loss: 0.0866 | Time(s): 16.847
Model is not saved! Current Val Loss: 0.0866
count: 12
Epoch 032: | Train Loss: 0.0553 | Val Loss: 0.0789 | Time(s): 16.576
Model is not saved! Current Val Loss: 0.0789
count: 13
Epoch 033: | Train Loss: 0.0564 | Val Loss: 0.0791 | Time(s): 18.355
Model is not saved! Current Val Loss: 0.0791
count: 14
Epoch 034: | Train Loss: 0.0544 | Val Loss: 0.0979 | Time(s): 17.116
Model is not saved! Current Val Loss: 0.0979
count: 15
Epoch 035: | Train Loss: 0.0537 | Val Loss: 0.0833 | Time(s): 17.096
Model is not saved! Current Val Loss: 0.0833
count: 16
Epoch 036: | Train Loss: 0.0508 | Val Loss: 0.1019 | Time(s): 17.398
Model is not saved! Current Val Loss: 0.1019
count: 17
Epoch 037: | Train Loss: 0.0548 | Val Loss: 0.0845 | Time(s): 17.223
Model is not saved! Current Val Loss: 0.0845
count: 18
Epoch 038: | Train Loss: 0.0532 | Val Loss: 0.1043 | Time(s): 17.707
Model is not saved! Current Val Loss: 0.1043
count: 19
Epoch 039: | Train Loss: 0.0531 | Val Loss: 0.0899 | Time(s): 17.599
Model is not saved! Current Val Loss: 0.0899
count: 20
Epoch 040: | Train Loss: 0.0487 | Val Loss: 0.0850 | Time(s): 17.877
Model is not saved! Current Val Loss: 0.0850
count: 21
Epoch 041: | Train Loss: 0.0491 | Val Loss: 0.0741 | Time(s): 16.520
Model is not saved! Current Val Loss: 0.0741
count: 22
Epoch 042: | Train Loss: 0.0484 | Val Loss: 0.0935 | Time(s): 17.618
Model is not saved! Current Val Loss: 0.0935
count: 23
Epoch 043: | Train Loss: 0.0496 | Val Loss: 0.0810 | Time(s): 17.045
Model is not saved! Current Val Loss: 0.0810
count: 24
Epoch 044: | Train Loss: 0.0456 | Val Loss: 0.0961 | Time(s): 16.743
Model is not saved! Current Val Loss: 0.0961
count: 25
Epoch 045: | Train Loss: 0.0441 | Val Loss: 0.0894 | Time(s): 16.950
Model is not saved! Current Val Loss: 0.0894
count: 26
Epoch 046: | Train Loss: 0.0456 | Val Loss: 0.0740 | Time(s): 17.340
Model is not saved! Current Val Loss: 0.0740
count: 27
Epoch 047: | Train Loss: 0.0471 | Val Loss: 0.0806 | Time(s): 17.427
Model is not saved! Current Val Loss: 0.0806
count: 28
Epoch 048: | Train Loss: 0.0473 | Val Loss: 0.0822 | Time(s): 18.011
Model is not saved! Current Val Loss: 0.0822
count: 29
Epoch 049: | Train Loss: 0.0385 | Val Loss: 0.0927 | Time(s): 17.224
Model is not saved! Current Val Loss: 0.0927
count: 30
Epoch 050: | Train Loss: 0.0408 | Val Loss: 0.0993 | Time(s): 16.700
Model is not saved! Current Val Loss: 0.0993
count: 31
Epoch 051: | Train Loss: 0.0378 | Val Loss: 0.0879 | Time(s): 16.938
Model is not saved! Current Val Loss: 0.0879
count: 32
Epoch 052: | Train Loss: 0.0403 | Val Loss: 0.0788 | Time(s): 17.389
Model is not saved! Current Val Loss: 0.0788
count: 33
Epoch 053: | Train Loss: 0.0395 | Val Loss: 0.0881 | Time(s): 16.724
Model is not saved! Current Val Loss: 0.0881
count: 34
Epoch 054: | Train Loss: 0.0349 | Val Loss: 0.0903 | Time(s): 16.821
Model is not saved! Current Val Loss: 0.0903
count: 35
Epoch 055: | Train Loss: 0.0356 | Val Loss: 0.0894 | Time(s): 17.449
Model is not saved! Current Val Loss: 0.0894
count: 36
Epoch 056: | Train Loss: 0.0332 | Val Loss: 0.1397 | Time(s): 17.295
Model is not saved! Current Val Loss: 0.1397
count: 37
Epoch 057: | Train Loss: 0.0328 | Val Loss: 0.0788 | Time(s): 17.526
Model is not saved! Current Val Loss: 0.0788
count: 38
Epoch 058: | Train Loss: 0.0340 | Val Loss: 0.0972 | Time(s): 18.559
Model is not saved! Current Val Loss: 0.0972
count: 39
Epoch 059: | Train Loss: 0.0321 | Val Loss: 0.0971 | Time(s): 17.137
Model is not saved! Current Val Loss: 0.0971
count: 40
Epoch 060: | Train Loss: 0.0336 | Val Loss: 0.0912 | Time(s): 17.806
Model is not saved! Current Val Loss: 0.0912
count: 41
Epoch 061: | Train Loss: 0.0331 | Val Loss: 0.0847 | Time(s): 16.895
Model is not saved! Current Val Loss: 0.0847
count: 42
Epoch 062: | Train Loss: 0.0309 | Val Loss: 0.0909 | Time(s): 18.617
Model is not saved! Current Val Loss: 0.0909
count: 43
Epoch 063: | Train Loss: 0.0309 | Val Loss: 0.0790 | Time(s): 18.074
Model is not saved! Current Val Loss: 0.0790
count: 44
Epoch 064: | Train Loss: 0.0278 | Val Loss: 0.0911 | Time(s): 16.790
Model is not saved! Current Val Loss: 0.0911
count: 45
Epoch 065: | Train Loss: 0.0286 | Val Loss: 0.1606 | Time(s): 16.805
Model is not saved! Current Val Loss: 0.1606
count: 46
Epoch 066: | Train Loss: 0.0247 | Val Loss: 0.0977 | Time(s): 16.642
Model is not saved! Current Val Loss: 0.0977
count: 47
Epoch 067: | Train Loss: 0.0318 | Val Loss: 0.0899 | Time(s): 17.674
Model is not saved! Current Val Loss: 0.0899
count: 48
Epoch 068: | Train Loss: 0.0277 | Val Loss: 0.0974 | Time(s): 17.163
Model is not saved! Current Val Loss: 0.0974
count: 49
Epoch 069: | Train Loss: 0.0308 | Val Loss: 0.1038 | Time(s): 17.423
Model is not saved! Current Val Loss: 0.1038
count: 50
Epoch: 69
