nohup: ignoring input
Check if there is GPU(s): True
True
#================================ Summary of Dataset =================================#
number of training samples:   5460 | number of training fog cases:   103
number of validation samples: 2332 | number of validation fog cases: 31
number of test samples:       2228 | number of test fog cases:       67
#=====================================================================================#
Epoch 001: | Train Loss: 0.1807 | Val Loss: 0.0927 | Time(s): 17.220
Best model Saved! Val Loss: 0.0927
count: 0
Epoch 002: | Train Loss: 0.1098 | Val Loss: 0.1024 | Time(s): 17.405
Model is not saved! Current Val Loss: 0.1024
count: 1
Epoch 003: | Train Loss: 0.1055 | Val Loss: 0.1049 | Time(s): 17.744
Model is not saved! Current Val Loss: 0.1049
count: 2
Epoch 004: | Train Loss: 0.1001 | Val Loss: 0.1072 | Time(s): 18.198
Model is not saved! Current Val Loss: 0.1072
count: 3
Epoch 005: | Train Loss: 0.1002 | Val Loss: 0.1097 | Time(s): 17.404
Model is not saved! Current Val Loss: 0.1097
count: 4
Epoch 006: | Train Loss: 0.0954 | Val Loss: 0.1157 | Time(s): 17.024
Model is not saved! Current Val Loss: 0.1157
count: 5
Epoch 007: | Train Loss: 0.0934 | Val Loss: 0.1090 | Time(s): 17.135
Model is not saved! Current Val Loss: 0.1090
count: 6
Epoch 008: | Train Loss: 0.0923 | Val Loss: 0.1078 | Time(s): 16.788
Model is not saved! Current Val Loss: 0.1078
count: 7
Epoch 009: | Train Loss: 0.0910 | Val Loss: 0.1106 | Time(s): 17.134
Model is not saved! Current Val Loss: 0.1106
count: 8
Epoch 010: | Train Loss: 0.0872 | Val Loss: 0.1109 | Time(s): 17.362
Model is not saved! Current Val Loss: 0.1109
count: 9
Epoch 011: | Train Loss: 0.0871 | Val Loss: 0.1028 | Time(s): 17.218
Model is not saved! Current Val Loss: 0.1028
count: 10
Epoch 012: | Train Loss: 0.0860 | Val Loss: 0.1078 | Time(s): 17.699
Model is not saved! Current Val Loss: 0.1078
count: 11
Epoch 013: | Train Loss: 0.0845 | Val Loss: 0.1094 | Time(s): 16.779
Model is not saved! Current Val Loss: 0.1094
count: 12
Epoch 014: | Train Loss: 0.0837 | Val Loss: 0.1041 | Time(s): 16.988
Model is not saved! Current Val Loss: 0.1041
count: 13
Epoch 015: | Train Loss: 0.0808 | Val Loss: 0.1004 | Time(s): 17.200
Model is not saved! Current Val Loss: 0.1004
count: 14
Epoch 016: | Train Loss: 0.0807 | Val Loss: 0.1007 | Time(s): 17.742
Model is not saved! Current Val Loss: 0.1007
count: 15
Epoch 017: | Train Loss: 0.0793 | Val Loss: 0.0956 | Time(s): 16.593
Model is not saved! Current Val Loss: 0.0956
count: 16
Epoch 018: | Train Loss: 0.0797 | Val Loss: 0.1121 | Time(s): 18.623
Model is not saved! Current Val Loss: 0.1121
count: 17
Epoch 019: | Train Loss: 0.0819 | Val Loss: 0.0957 | Time(s): 17.655
Model is not saved! Current Val Loss: 0.0957
count: 18
Epoch 020: | Train Loss: 0.0780 | Val Loss: 0.0903 | Time(s): 17.611
Best model Saved! Val Loss: 0.0903
count: 0
Epoch 021: | Train Loss: 0.0767 | Val Loss: 0.0945 | Time(s): 18.011
Model is not saved! Current Val Loss: 0.0945
count: 1
Epoch 022: | Train Loss: 0.0780 | Val Loss: 0.0971 | Time(s): 17.944
Model is not saved! Current Val Loss: 0.0971
count: 2
Epoch 023: | Train Loss: 0.0784 | Val Loss: 0.1044 | Time(s): 17.433
Model is not saved! Current Val Loss: 0.1044
count: 3
Epoch 024: | Train Loss: 0.0775 | Val Loss: 0.0908 | Time(s): 17.437
Model is not saved! Current Val Loss: 0.0908
count: 4
Epoch 025: | Train Loss: 0.0759 | Val Loss: 0.1024 | Time(s): 18.056
Model is not saved! Current Val Loss: 0.1024
count: 5
Epoch 026: | Train Loss: 0.0769 | Val Loss: 0.1009 | Time(s): 16.952
Model is not saved! Current Val Loss: 0.1009
count: 6
Epoch 027: | Train Loss: 0.0773 | Val Loss: 0.0931 | Time(s): 17.407
Model is not saved! Current Val Loss: 0.0931
count: 7
Epoch 028: | Train Loss: 0.0760 | Val Loss: 0.1006 | Time(s): 17.045
Model is not saved! Current Val Loss: 0.1006
count: 8
Epoch 029: | Train Loss: 0.0740 | Val Loss: 0.0935 | Time(s): 16.453
Model is not saved! Current Val Loss: 0.0935
count: 9
Epoch 030: | Train Loss: 0.0745 | Val Loss: 0.1039 | Time(s): 17.089
Model is not saved! Current Val Loss: 0.1039
count: 10
Epoch 031: | Train Loss: 0.0748 | Val Loss: 0.0977 | Time(s): 16.666
Model is not saved! Current Val Loss: 0.0977
count: 11
Epoch 032: | Train Loss: 0.0757 | Val Loss: 0.0899 | Time(s): 17.486
Best model Saved! Val Loss: 0.0899
count: 0
Epoch 033: | Train Loss: 0.0733 | Val Loss: 0.0892 | Time(s): 17.181
Best model Saved! Val Loss: 0.0892
count: 0
Epoch 034: | Train Loss: 0.0725 | Val Loss: 0.0896 | Time(s): 16.706
Model is not saved! Current Val Loss: 0.0896
count: 1
Epoch 035: | Train Loss: 0.0749 | Val Loss: 0.0831 | Time(s): 16.812
Best model Saved! Val Loss: 0.0831
count: 0
Epoch 036: | Train Loss: 0.0723 | Val Loss: 0.0835 | Time(s): 17.619
Model is not saved! Current Val Loss: 0.0835
count: 1
Epoch 037: | Train Loss: 0.0726 | Val Loss: 0.0774 | Time(s): 16.877
Best model Saved! Val Loss: 0.0774
count: 0
Epoch 038: | Train Loss: 0.0749 | Val Loss: 0.0736 | Time(s): 18.352
Best model Saved! Val Loss: 0.0736
count: 0
Epoch 039: | Train Loss: 0.0700 | Val Loss: 0.0737 | Time(s): 17.307
Model is not saved! Current Val Loss: 0.0737
count: 1
Epoch 040: | Train Loss: 0.0726 | Val Loss: 0.0836 | Time(s): 17.835
Model is not saved! Current Val Loss: 0.0836
count: 2
Epoch 041: | Train Loss: 0.0690 | Val Loss: 0.0705 | Time(s): 16.407
Best model Saved! Val Loss: 0.0705
count: 0
Epoch 042: | Train Loss: 0.0708 | Val Loss: 0.0786 | Time(s): 16.984
Model is not saved! Current Val Loss: 0.0786
count: 1
Epoch 043: | Train Loss: 0.0703 | Val Loss: 0.0752 | Time(s): 17.243
Model is not saved! Current Val Loss: 0.0752
count: 2
Epoch 044: | Train Loss: 0.0646 | Val Loss: 0.0841 | Time(s): 17.555
Model is not saved! Current Val Loss: 0.0841
count: 3
Epoch 045: | Train Loss: 0.0690 | Val Loss: 0.0683 | Time(s): 17.611
Best model Saved! Val Loss: 0.0683
count: 0
Epoch 046: | Train Loss: 0.0718 | Val Loss: 0.0706 | Time(s): 17.143
Model is not saved! Current Val Loss: 0.0706
count: 1
Epoch 047: | Train Loss: 0.0674 | Val Loss: 0.0749 | Time(s): 17.225
Model is not saved! Current Val Loss: 0.0749
count: 2
Epoch 048: | Train Loss: 0.0683 | Val Loss: 0.0682 | Time(s): 16.578
Best model Saved! Val Loss: 0.0682
count: 0
Epoch 049: | Train Loss: 0.0675 | Val Loss: 0.0659 | Time(s): 17.415
Best model Saved! Val Loss: 0.0659
count: 0
Epoch 050: | Train Loss: 0.0673 | Val Loss: 0.0702 | Time(s): 16.504
Model is not saved! Current Val Loss: 0.0702
count: 1
Epoch 051: | Train Loss: 0.0673 | Val Loss: 0.0750 | Time(s): 17.668
Model is not saved! Current Val Loss: 0.0750
count: 2
Epoch 052: | Train Loss: 0.0664 | Val Loss: 0.0695 | Time(s): 17.346
Model is not saved! Current Val Loss: 0.0695
count: 3
Epoch 053: | Train Loss: 0.0662 | Val Loss: 0.0720 | Time(s): 17.651
Model is not saved! Current Val Loss: 0.0720
count: 4
Epoch 054: | Train Loss: 0.0660 | Val Loss: 0.0672 | Time(s): 17.103
Model is not saved! Current Val Loss: 0.0672
count: 5
Epoch 055: | Train Loss: 0.0658 | Val Loss: 0.0690 | Time(s): 16.824
Model is not saved! Current Val Loss: 0.0690
count: 6
Epoch 056: | Train Loss: 0.0668 | Val Loss: 0.0811 | Time(s): 18.601
Model is not saved! Current Val Loss: 0.0811
count: 7
Epoch 057: | Train Loss: 0.0642 | Val Loss: 0.0655 | Time(s): 16.385
Best model Saved! Val Loss: 0.0655
count: 0
Epoch 058: | Train Loss: 0.0670 | Val Loss: 0.0689 | Time(s): 18.069
Model is not saved! Current Val Loss: 0.0689
count: 1
Epoch 059: | Train Loss: 0.0638 | Val Loss: 0.0694 | Time(s): 17.278
Model is not saved! Current Val Loss: 0.0694
count: 2
Epoch 060: | Train Loss: 0.0625 | Val Loss: 0.0693 | Time(s): 17.471
Model is not saved! Current Val Loss: 0.0693
count: 3
Epoch 061: | Train Loss: 0.0634 | Val Loss: 0.0678 | Time(s): 16.553
Model is not saved! Current Val Loss: 0.0678
count: 4
Epoch 062: | Train Loss: 0.0641 | Val Loss: 0.0780 | Time(s): 16.430
Model is not saved! Current Val Loss: 0.0780
count: 5
Epoch 063: | Train Loss: 0.0670 | Val Loss: 0.0665 | Time(s): 16.451
Model is not saved! Current Val Loss: 0.0665
count: 6
Epoch 064: | Train Loss: 0.0627 | Val Loss: 0.0719 | Time(s): 17.577
Model is not saved! Current Val Loss: 0.0719
count: 7
Epoch 065: | Train Loss: 0.0658 | Val Loss: 0.0745 | Time(s): 17.953
Model is not saved! Current Val Loss: 0.0745
count: 8
Epoch 066: | Train Loss: 0.0635 | Val Loss: 0.0669 | Time(s): 16.944
Model is not saved! Current Val Loss: 0.0669
count: 9
Epoch 067: | Train Loss: 0.0611 | Val Loss: 0.0718 | Time(s): 17.047
Model is not saved! Current Val Loss: 0.0718
count: 10
Epoch 068: | Train Loss: 0.0599 | Val Loss: 0.0712 | Time(s): 17.544
Model is not saved! Current Val Loss: 0.0712
count: 11
Epoch 069: | Train Loss: 0.0642 | Val Loss: 0.0673 | Time(s): 17.634
Model is not saved! Current Val Loss: 0.0673
count: 12
Epoch 070: | Train Loss: 0.0635 | Val Loss: 0.0689 | Time(s): 17.075
Model is not saved! Current Val Loss: 0.0689
count: 13
Epoch 071: | Train Loss: 0.0622 | Val Loss: 0.0693 | Time(s): 17.188
Model is not saved! Current Val Loss: 0.0693
count: 14
Epoch 072: | Train Loss: 0.0603 | Val Loss: 0.0729 | Time(s): 16.687
Model is not saved! Current Val Loss: 0.0729
count: 15
Epoch 073: | Train Loss: 0.0615 | Val Loss: 0.0706 | Time(s): 17.417
Model is not saved! Current Val Loss: 0.0706
count: 16
Epoch 074: | Train Loss: 0.0626 | Val Loss: 0.0676 | Time(s): 16.678
Model is not saved! Current Val Loss: 0.0676
count: 17
Epoch 075: | Train Loss: 0.0627 | Val Loss: 0.0675 | Time(s): 17.690
Model is not saved! Current Val Loss: 0.0675
count: 18
Epoch 076: | Train Loss: 0.0621 | Val Loss: 0.0697 | Time(s): 17.181
Model is not saved! Current Val Loss: 0.0697
count: 19
Epoch 077: | Train Loss: 0.0627 | Val Loss: 0.0788 | Time(s): 17.668
Model is not saved! Current Val Loss: 0.0788
count: 20
Epoch 078: | Train Loss: 0.0607 | Val Loss: 0.0705 | Time(s): 17.663
Model is not saved! Current Val Loss: 0.0705
count: 21
Epoch 079: | Train Loss: 0.0640 | Val Loss: 0.0707 | Time(s): 16.582
Model is not saved! Current Val Loss: 0.0707
count: 22
Epoch 080: | Train Loss: 0.0585 | Val Loss: 0.0681 | Time(s): 18.637
Model is not saved! Current Val Loss: 0.0681
count: 23
Epoch 081: | Train Loss: 0.0579 | Val Loss: 0.0682 | Time(s): 17.830
Model is not saved! Current Val Loss: 0.0682
count: 24
Epoch 082: | Train Loss: 0.0630 | Val Loss: 0.0717 | Time(s): 18.140
Model is not saved! Current Val Loss: 0.0717
count: 25
Epoch 083: | Train Loss: 0.0597 | Val Loss: 0.0726 | Time(s): 17.719
Model is not saved! Current Val Loss: 0.0726
count: 26
Epoch 084: | Train Loss: 0.0577 | Val Loss: 0.0736 | Time(s): 17.966
Model is not saved! Current Val Loss: 0.0736
count: 27
Epoch 085: | Train Loss: 0.0576 | Val Loss: 0.0731 | Time(s): 17.628
Model is not saved! Current Val Loss: 0.0731
count: 28
Epoch 086: | Train Loss: 0.0610 | Val Loss: 0.0706 | Time(s): 17.145
Model is not saved! Current Val Loss: 0.0706
count: 29
Epoch 087: | Train Loss: 0.0606 | Val Loss: 0.0700 | Time(s): 17.345
Model is not saved! Current Val Loss: 0.0700
count: 30
Epoch 088: | Train Loss: 0.0607 | Val Loss: 0.0728 | Time(s): 16.779
Model is not saved! Current Val Loss: 0.0728
count: 31
Epoch 089: | Train Loss: 0.0561 | Val Loss: 0.0711 | Time(s): 17.011
Model is not saved! Current Val Loss: 0.0711
count: 32
Epoch 090: | Train Loss: 0.0607 | Val Loss: 0.0750 | Time(s): 18.659
Model is not saved! Current Val Loss: 0.0750
count: 33
Epoch 091: | Train Loss: 0.0581 | Val Loss: 0.0717 | Time(s): 18.238
Model is not saved! Current Val Loss: 0.0717
count: 34
Epoch 092: | Train Loss: 0.0562 | Val Loss: 0.0694 | Time(s): 17.298
Model is not saved! Current Val Loss: 0.0694
count: 35
Epoch 093: | Train Loss: 0.0583 | Val Loss: 0.0744 | Time(s): 16.760
Model is not saved! Current Val Loss: 0.0744
count: 36
Epoch 094: | Train Loss: 0.0566 | Val Loss: 0.0718 | Time(s): 17.835
Model is not saved! Current Val Loss: 0.0718
count: 37
Epoch 095: | Train Loss: 0.0604 | Val Loss: 0.0707 | Time(s): 17.511
Model is not saved! Current Val Loss: 0.0707
count: 38
Epoch 096: | Train Loss: 0.0575 | Val Loss: 0.0784 | Time(s): 17.335
Model is not saved! Current Val Loss: 0.0784
count: 39
Epoch 097: | Train Loss: 0.0563 | Val Loss: 0.0758 | Time(s): 17.018
Model is not saved! Current Val Loss: 0.0758
count: 40
Epoch 098: | Train Loss: 0.0566 | Val Loss: 0.0748 | Time(s): 16.910
Model is not saved! Current Val Loss: 0.0748
count: 41
Epoch 099: | Train Loss: 0.0520 | Val Loss: 0.0724 | Time(s): 16.907
Model is not saved! Current Val Loss: 0.0724
count: 42
Epoch 100: | Train Loss: 0.0592 | Val Loss: 0.0692 | Time(s): 17.122
Model is not saved! Current Val Loss: 0.0692
count: 43
Epoch 101: | Train Loss: 0.0546 | Val Loss: 0.0830 | Time(s): 17.911
Model is not saved! Current Val Loss: 0.0830
count: 44
Epoch 102: | Train Loss: 0.0563 | Val Loss: 0.0818 | Time(s): 17.664
Model is not saved! Current Val Loss: 0.0818
count: 45
Epoch 103: | Train Loss: 0.0586 | Val Loss: 0.0701 | Time(s): 17.731
Model is not saved! Current Val Loss: 0.0701
count: 46
Epoch 104: | Train Loss: 0.0539 | Val Loss: 0.0725 | Time(s): 17.373
Model is not saved! Current Val Loss: 0.0725
count: 47
Epoch 105: | Train Loss: 0.0564 | Val Loss: 0.0713 | Time(s): 17.126
Model is not saved! Current Val Loss: 0.0713
count: 48
Epoch 106: | Train Loss: 0.0567 | Val Loss: 0.0737 | Time(s): 17.459
Model is not saved! Current Val Loss: 0.0737
count: 49
Epoch 107: | Train Loss: 0.0533 | Val Loss: 0.0791 | Time(s): 17.068
Model is not saved! Current Val Loss: 0.0791
count: 50
Epoch: 107
